<?xml version="1.0" encoding="UTF-8" ?>
<testsuite failures="0" time="1.002" errors="0" skipped="0" tests="7" name="com.guess.twer.guessTwer.repositories.GameRepositoryTest">
  <properties>
[...]
</properties>
  <testcase time="0.877" classname="com.guess.twer.guessTwer.repositories.GameRepositoryTest" name="shouldGetPersonCount"/>
  <testcase time="0.008" classname="com.guess.twer.guessTwer.repositories.GameRepositoryTest" name="shouldReturnPersonInfo"/>
  <testcase time="0.005" classname="com.guess.twer.guessTwer.repositories.GameRepositoryTest" name="shouldGetThreePersonInfo"/>
  <testcase time="0.01" classname="com.guess.twer.guessTwer.repositories.GameRepositoryTest" name="shouldSetOrUpdateScore"/>
  <testcase time="0.007" classname="com.guess.twer.guessTwer.repositories.GameRepositoryTest" name="shouldNotUpdateScoreIfExistingScoreOfUserIsHighest"/>
  <testcase time="0.006" classname="com.guess.twer.guessTwer.repositories.GameRepositoryTest" name="shouldUpdateScoreIfExistingScoreOfUserIsNotHighest"/>
  <testcase time="0.008" classname="com.guess.twer.guessTwer.repositories.GameRepositoryTest" name="shouldReturnThreeHighestScorerUsers"/>
</testsuite>